c:\users\санек\documents\visual studio 2013\projects\mytextgame\mytextgame\debug\vc120.pdb
c:\users\санек\documents\visual studio 2013\projects\mytextgame\mytextgame\debug\vc120.idb
c:\users\санек\documents\visual studio 2013\projects\mytextgame\mytextgame\debug\characterweapon.obj
c:\users\санек\documents\visual studio 2013\projects\mytextgame\mytextgame\debug\dealingdamage.obj
c:\users\санек\documents\visual studio 2013\projects\mytextgame\mytextgame\debug\monstr.obj
c:\users\санек\documents\visual studio 2013\projects\mytextgame\mytextgame\debug\character.obj
c:\users\санек\documents\visual studio 2013\projects\mytextgame\mytextgame\debug\main.obj
c:\users\санек\documents\visual studio 2013\projects\mytextgame\mytextgame\debug\operatorforcharacter.obj
c:\users\санек\documents\visual studio 2013\projects\mytextgame\mytextgame\debug\savecharacter.obj
c:\users\санек\documents\visual studio 2013\projects\mytextgame\mytextgame\debug\loadfromfile.obj
c:\users\санек\documents\visual studio 2013\projects\mytextgame\mytextgame\debug\startchoisefunction.obj
c:\users\санек\documents\visual studio 2013\projects\mytextgame\mytextgame\debug\createwar.obj
c:\users\санек\documents\visual studio 2013\projects\mytextgame\mytextgame\debug\createmonk.obj
c:\users\санек\documents\visual studio 2013\projects\mytextgame\mytextgame\debug\createrogue.obj
c:\users\санек\documents\visual studio 2013\projects\mytextgame\mytextgame\debug\startchoisefunc.obj
c:\users\санек\documents\visual studio 2013\projects\mytextgame\mytextgame\debug\fightfunction.obj
c:\users\санек\documents\visual studio 2013\projects\mytextgame\mytextgame\debug\massiveweapon.obj
c:\users\санек\documents\visual studio 2013\projects\mytextgame\mytextgame\debug\funcstartmeadow.obj
c:\users\санек\documents\visual studio 2013\projects\mytextgame\mytextgame\debug\forestlocation.obj
c:\users\санек\documents\visual studio 2013\projects\mytextgame\mytextgame\debug\store.obj
c:\users\санек\documents\visual studio 2013\projects\mytextgame\mytextgame\debug\windfield.obj
c:\users\санек\documents\visual studio 2013\projects\mytextgame\mytextgame\debug\releaseofcharactermemory.obj
c:\users\санек\documents\visual studio 2013\projects\mytextgame\debug\mytextgame.ilk
c:\users\санек\documents\visual studio 2013\projects\mytextgame\debug\mytextgame.exe
c:\users\санек\documents\visual studio 2013\projects\mytextgame\debug\mytextgame.pdb
c:\users\санек\documents\visual studio 2013\projects\mytextgame\mytextgame\debug\mytextgame.res
c:\users\санек\documents\visual studio 2013\projects\mytextgame\mytextgame\debug\mytextgame.tlog\cl.command.1.tlog
c:\users\санек\documents\visual studio 2013\projects\mytextgame\mytextgame\debug\mytextgame.tlog\cl.read.1.tlog
c:\users\санек\documents\visual studio 2013\projects\mytextgame\mytextgame\debug\mytextgame.tlog\cl.write.1.tlog
c:\users\санек\documents\visual studio 2013\projects\mytextgame\mytextgame\debug\mytextgame.tlog\link.command.1.tlog
c:\users\санек\documents\visual studio 2013\projects\mytextgame\mytextgame\debug\mytextgame.tlog\link.read.1.tlog
c:\users\санек\documents\visual studio 2013\projects\mytextgame\mytextgame\debug\mytextgame.tlog\link.write.1.tlog
c:\users\санек\documents\visual studio 2013\projects\mytextgame\mytextgame\debug\mytextgame.tlog\rc.command.1.tlog
c:\users\санек\documents\visual studio 2013\projects\mytextgame\mytextgame\debug\mytextgame.tlog\rc.read.1.tlog
c:\users\санек\documents\visual studio 2013\projects\mytextgame\mytextgame\debug\mytextgame.tlog\rc.write.1.tlog
